NOTE: Picked up JDK_JAVA_OPTIONS:  --add-opens=java.base/java.lang=ALL-UNNAMED --add-opens=java.base/java.io=ALL-UNNAMED --add-opens=java.base/java.util=ALL-UNNAMED --add-opens=java.base/java.util.concurrent=ALL-UNNAMED --add-opens=java.rmi/sun.rmi.transport=ALL-UNNAMED
26-Jul-2023 16:01:39.343 정보 [main] org.apache.catalina.startup.VersionLoggerListener.log 서버 버전 이름:    Apache Tomcat/8.5.91
26-Jul-2023 16:01:39.348 정보 [main] org.apache.catalina.startup.VersionLoggerListener.log Server 빌드 시각:  Jul 6 2023 14:43:48 UTC
26-Jul-2023 16:01:39.348 정보 [main] org.apache.catalina.startup.VersionLoggerListener.log Server 버전 번호:  8.5.91.0
26-Jul-2023 16:01:39.356 정보 [main] org.apache.catalina.startup.VersionLoggerListener.log 운영체제 이름:     Mac OS X
26-Jul-2023 16:01:39.358 정보 [main] org.apache.catalina.startup.VersionLoggerListener.log 운영체제 버전:     10.16
26-Jul-2023 16:01:39.358 정보 [main] org.apache.catalina.startup.VersionLoggerListener.log 아키텍처:          x86_64
26-Jul-2023 16:01:39.358 정보 [main] org.apache.catalina.startup.VersionLoggerListener.log 자바 홈:           /Library/Java/JavaVirtualMachines/adoptopenjdk-14.jdk/Contents/Home
26-Jul-2023 16:01:39.359 정보 [main] org.apache.catalina.startup.VersionLoggerListener.log JVM 버전:          14.0.2+12
26-Jul-2023 16:01:39.359 정보 [main] org.apache.catalina.startup.VersionLoggerListener.log JVM 벤더:          AdoptOpenJDK
26-Jul-2023 16:01:39.359 정보 [main] org.apache.catalina.startup.VersionLoggerListener.log CATALINA_BASE:     /Users/kimdongju/project/tarkov-random-generator/server/apache-tomcat-8.5.91
26-Jul-2023 16:01:39.359 정보 [main] org.apache.catalina.startup.VersionLoggerListener.log CATALINA_HOME:     /Users/kimdongju/project/tarkov-random-generator/server/apache-tomcat-8.5.91
26-Jul-2023 16:01:39.361 정보 [main] org.apache.catalina.startup.VersionLoggerListener.log 명령 행 아규먼트:  --add-opens=java.base/java.lang=ALL-UNNAMED
26-Jul-2023 16:01:39.361 정보 [main] org.apache.catalina.startup.VersionLoggerListener.log 명령 행 아규먼트:  --add-opens=java.base/java.io=ALL-UNNAMED
26-Jul-2023 16:01:39.361 정보 [main] org.apache.catalina.startup.VersionLoggerListener.log 명령 행 아규먼트:  --add-opens=java.base/java.util=ALL-UNNAMED
26-Jul-2023 16:01:39.362 정보 [main] org.apache.catalina.startup.VersionLoggerListener.log 명령 행 아규먼트:  --add-opens=java.base/java.util.concurrent=ALL-UNNAMED
26-Jul-2023 16:01:39.362 정보 [main] org.apache.catalina.startup.VersionLoggerListener.log 명령 행 아규먼트:  --add-opens=java.rmi/sun.rmi.transport=ALL-UNNAMED
26-Jul-2023 16:01:39.362 정보 [main] org.apache.catalina.startup.VersionLoggerListener.log 명령 행 아규먼트:  -Djava.util.logging.config.file=/Users/kimdongju/project/tarkov-random-generator/server/apache-tomcat-8.5.91/conf/logging.properties
26-Jul-2023 16:01:39.362 정보 [main] org.apache.catalina.startup.VersionLoggerListener.log 명령 행 아규먼트:  -Djava.util.logging.manager=org.apache.juli.ClassLoaderLogManager
26-Jul-2023 16:01:39.363 정보 [main] org.apache.catalina.startup.VersionLoggerListener.log 명령 행 아규먼트:  -Djdk.tls.ephemeralDHKeySize=2048
26-Jul-2023 16:01:39.363 정보 [main] org.apache.catalina.startup.VersionLoggerListener.log 명령 행 아규먼트:  -Djava.protocol.handler.pkgs=org.apache.catalina.webresources
26-Jul-2023 16:01:39.364 정보 [main] org.apache.catalina.startup.VersionLoggerListener.log 명령 행 아규먼트:  -Dorg.apache.catalina.security.SecurityListener.UMASK=0027
26-Jul-2023 16:01:39.364 정보 [main] org.apache.catalina.startup.VersionLoggerListener.log 명령 행 아규먼트:  -Dignore.endorsed.dirs=
26-Jul-2023 16:01:39.365 정보 [main] org.apache.catalina.startup.VersionLoggerListener.log 명령 행 아규먼트:  -Dcatalina.base=/Users/kimdongju/project/tarkov-random-generator/server/apache-tomcat-8.5.91
26-Jul-2023 16:01:39.366 정보 [main] org.apache.catalina.startup.VersionLoggerListener.log 명령 행 아규먼트:  -Dcatalina.home=/Users/kimdongju/project/tarkov-random-generator/server/apache-tomcat-8.5.91
26-Jul-2023 16:01:39.366 정보 [main] org.apache.catalina.startup.VersionLoggerListener.log 명령 행 아규먼트:  -Djava.io.tmpdir=/Users/kimdongju/project/tarkov-random-generator/server/apache-tomcat-8.5.91/temp
26-Jul-2023 16:01:39.366 정보 [main] org.apache.catalina.core.AprLifecycleListener.lifecycleEvent 프로덕션 환경들에서 최적의 성능을 제공하는, APR 기반 Apache Tomcat Native 라이브러리가, 다음 java.library.path에서 발견되지 않습니다: [/Users/kimdongju/Library/Java/Extensions:/Library/Java/Extensions:/Network/Library/Java/Extensions:/System/Library/Java/Extensions:/usr/lib/java:.]
26-Jul-2023 16:01:39.428 정보 [main] org.apache.coyote.AbstractProtocol.init 프로토콜 핸들러 ["http-nio-8080"]을(를) 초기화합니다.
26-Jul-2023 16:01:39.546 정보 [main] org.apache.catalina.startup.Catalina.load Initialization processed in 1648 ms
26-Jul-2023 16:01:39.647 정보 [main] org.apache.catalina.core.StandardService.startInternal 서비스 [Catalina]을(를) 시작합니다.
26-Jul-2023 16:01:39.647 정보 [main] org.apache.catalina.core.StandardEngine.startInternal 서버 엔진을 시작합니다: [Apache Tomcat/8.5.91]
26-Jul-2023 16:01:39.670 정보 [localhost-startStop-1] org.apache.catalina.startup.HostConfig.deployDirectory 웹 애플리케이션 디렉토리 [/Users/kimdongju/project/tarkov-random-generator/server/apache-tomcat-8.5.91/webapps/docs]을(를) 배치합니다.
26-Jul-2023 16:01:40.248 정보 [localhost-startStop-1] org.apache.catalina.startup.HostConfig.deployDirectory 웹 애플리케이션 디렉토리 [/Users/kimdongju/project/tarkov-random-generator/server/apache-tomcat-8.5.91/webapps/docs]에 대한 배치가 [572] 밀리초에 완료되었습니다.
26-Jul-2023 16:01:40.248 정보 [localhost-startStop-1] org.apache.catalina.startup.HostConfig.deployDirectory 웹 애플리케이션 디렉토리 [/Users/kimdongju/project/tarkov-random-generator/server/apache-tomcat-8.5.91/webapps/manager]을(를) 배치합니다.
26-Jul-2023 16:01:40.373 정보 [localhost-startStop-1] org.apache.catalina.startup.HostConfig.deployDirectory 웹 애플리케이션 디렉토리 [/Users/kimdongju/project/tarkov-random-generator/server/apache-tomcat-8.5.91/webapps/manager]에 대한 배치가 [124] 밀리초에 완료되었습니다.
26-Jul-2023 16:01:40.373 정보 [localhost-startStop-1] org.apache.catalina.startup.HostConfig.deployDirectory 웹 애플리케이션 디렉토리 [/Users/kimdongju/project/tarkov-random-generator/server/apache-tomcat-8.5.91/webapps/examples]을(를) 배치합니다.
26-Jul-2023 16:01:41.205 정보 [localhost-startStop-1] org.apache.catalina.startup.HostConfig.deployDirectory 웹 애플리케이션 디렉토리 [/Users/kimdongju/project/tarkov-random-generator/server/apache-tomcat-8.5.91/webapps/examples]에 대한 배치가 [831] 밀리초에 완료되었습니다.
26-Jul-2023 16:01:41.205 정보 [localhost-startStop-1] org.apache.catalina.startup.HostConfig.deployDirectory 웹 애플리케이션 디렉토리 [/Users/kimdongju/project/tarkov-random-generator/server/apache-tomcat-8.5.91/webapps/ROOT]을(를) 배치합니다.
26-Jul-2023 16:01:41.243 정보 [localhost-startStop-1] org.apache.catalina.startup.HostConfig.deployDirectory 웹 애플리케이션 디렉토리 [/Users/kimdongju/project/tarkov-random-generator/server/apache-tomcat-8.5.91/webapps/ROOT]에 대한 배치가 [37] 밀리초에 완료되었습니다.
26-Jul-2023 16:01:41.245 정보 [localhost-startStop-1] org.apache.catalina.startup.HostConfig.deployDirectory 웹 애플리케이션 디렉토리 [/Users/kimdongju/project/tarkov-random-generator/server/apache-tomcat-8.5.91/webapps/host-manager]을(를) 배치합니다.
26-Jul-2023 16:01:41.288 정보 [localhost-startStop-1] org.apache.catalina.startup.HostConfig.deployDirectory 웹 애플리케이션 디렉토리 [/Users/kimdongju/project/tarkov-random-generator/server/apache-tomcat-8.5.91/webapps/host-manager]에 대한 배치가 [42] 밀리초에 완료되었습니다.
26-Jul-2023 16:01:41.292 정보 [main] org.apache.coyote.AbstractProtocol.start 프로토콜 핸들러 ["http-nio-8080"]을(를) 시작합니다.
26-Jul-2023 16:01:41.333 정보 [main] org.apache.catalina.startup.Catalina.start Server startup in 1786 ms
26-Jul-2023 16:02:42.152 정보 [main] org.apache.catalina.core.StandardServer.await 셧다운 포트를 통해 유효한 셧다운 명령을 받았습니다. 서버 인스턴스를 중지시킵니다.
26-Jul-2023 16:02:42.153 정보 [main] org.apache.coyote.AbstractProtocol.pause 프로토콜 핸들러 ["http-nio-8080"]을(를) 일시 정지 중
26-Jul-2023 16:02:42.161 정보 [main] org.apache.catalina.core.StandardService.stopInternal 서비스 [Catalina]을(를) 중지시킵니다.
26-Jul-2023 16:02:42.239 정보 [main] org.apache.coyote.AbstractProtocol.stop 프로토콜 핸들러 ["http-nio-8080"]을(를) 중지시킵니다.
26-Jul-2023 16:02:42.248 정보 [main] org.apache.coyote.AbstractProtocol.destroy 프로토콜 핸들러 ["http-nio-8080"]을(를) 소멸시킵니다.
